<?xml version="1.0" encoding="UTF-8"?>
<!-- Generated by org.testng.reporters.JUnitReportReporter -->
<testsuite skipped="0" hostname="DELL-235CI4GQPV" name="com.WebOrder.Testcases.LoginTest" tests="1" failures="0" timestamp="10 Jun 2019 20:46:14 GMT" time="9.438" errors="0">
  <testcase name="testlogin" time="9.438" classname="com.WebOrder.Testcases.LoginTest"/>
</testsuite> <!-- com.WebOrder.Testcases.LoginTest -->
